This is pdfTeX, Version 3.14159265-2.6-1.40.21 (MiKTeX 20.6.29) (preloaded format=pdflatex 2020.7.13)  13 JUL 2020 19:21
entering extended mode
**./InformeLaboratorio.tex
(InformeLaboratorio.tex
LaTeX2e <2020-02-02> patch level 5
L3 programming layer <2020-06-18>
("C:\Program Files\MiKTeX\tex/latex/revtex\revtex4-1.cls"
Document Class: revtex4-1 2010/07/25/20:33:00 4.1r (http://publish.aps.org/revt
ex4/ for documentation)
 Copyright (c) 2009 The American Physical Society.
 mailto:revtex@aps.org
 Licensed under the LPPL:
http://www.ctan.org/tex-archive/macros/latex/base/lppl.txt
 Arthur Ogawa <arthur_ogawa at sbcglobal dot net>
 Based on work by David Carlisle <david at dcarlisle.demon.co.uk>.
ltxutil[2010/07/25/20:33:00 4.1r utilities package (portions licensed from W. E
. Baxter web at superscript.com)]
LaTeX Info: Redefining \@centercr on input line 308.
Class revtex4-1 Info: Repairing broken LaTeX eqnarray on input line 358.
\eqncolsep=\skip47
Class revtex4-1 Info: Repairing hyperref-unfriendly LaTeX definition of \mpfoot
note on input line 433.
Class revtex4-1 Info: Repairing broken LateX \@sect on input line 755.
\intertabularlinepenalty=\count167
\@tbpen=\count168
\@arstrutbox@hline=\box45
Class revtex4-1 Info: Repairing broken LaTeX \@xbitor on input line 1786.
Class revtex4-1 Info: Making \typeout \long on input line 2046.
ltxfront[2010/07/25/20:33:00 4.1r frontmatter package (AO,DPC)]
\c@affil=\count169
\c@collab=\count170
\absbox=\box46
ltxgrid[2010/07/25/20:33:00 4.1r page grid package (portions licensed from W. E
. Baxter web at superscript.com)]
\c@linecount=\count171
\output@latex=\toks15
\box@size@1=\box47
\box@size@2=\box48
\@protection@box=\box49
\@topmark@saved=\toks16
\footins@saved=\box50
\footins@recovered=\box51
\column@recovered=\box52
\pagesofar=\box53
\footsofar=\box54
\pagegrid@col=\count172

Class revtex4-1 Warning: Failed to recognize \@vspace, \@vspacer, \@no@pgbk, \@
newline, and \\; no patches applied. Please get a more up-to-date class, .

\c@part=\count173
\c@section=\count174
\c@subsection=\count175
\c@subsubsection=\count176
\c@paragraph=\count177
\c@subparagraph=\count178
\abovecaptionskip=\skip48
\belowcaptionskip=\skip49
\c@figure=\count179
\fbox@1=\box55
\c@table=\count180
\fbox@2=\box56
\c@video=\count181
\fbox@4=\box57
\@bibdataout=\write3
\widetext@top=\box58
\widetext@bot=\box59
Class revtex4-1 Info: Selecting society aps on input line 7542.
("C:\Program Files\MiKTeX\tex/latex/revtex\aps4-1.rtx"
File: aps4-1 2010/07/25/20:33:00 4.1r (http://publish.aps.org/revtex4/ for docu
mentation)
Class revtex4-1 Info: RevTeX society APS selected on input line 31.
)

Class revtex4-1 Warning: No journal specified, using default pra.

Class revtex4-1 Info: APS journal PRA selected on input line 7545.
("C:\Program Files\MiKTeX\tex/latex/revtex\aps10pt4-1.rtx"
File: aps10pt4-1 2010/07/25/20:33:00 4.1r (http://publish.aps.org/revtex4/ for 
documentation)
Class revtex4-1 Info: RevTeX pointsize 10pt selected on input line 30.
)
("C:\Program Files\MiKTeX\tex/latex/textcase\textcase.sty"
Package: textcase 2019/09/14 v1.00 Text only upper/lower case changing (DPC)
)
("C:\Program Files\MiKTeX\tex/latex/amsfonts\amssymb.sty"
Package: amssymb 2013/01/14 v3.01 AMS font symbols

("C:\Program Files\MiKTeX\tex/latex/amsfonts\amsfonts.sty"
Package: amsfonts 2013/01/14 v3.01 Basic AMSFonts support
\@emptytoks=\toks17
\symAMSa=\mathgroup4
\symAMSb=\mathgroup5
LaTeX Font Info:    Redeclaring math symbol \hbar on input line 98.
LaTeX Font Info:    Overwriting math alphabet `\mathfrak' in version `bold'
(Font)                  U/euf/m/n --> U/euf/b/n on input line 106.
))
("C:\Program Files\MiKTeX\tex/latex/amsmath\amsmath.sty"
Package: amsmath 2020/01/20 v2.17e AMS math features
\@mathmargin=\skip50

For additional information on amsmath, use the `?' option.
("C:\Program Files\MiKTeX\tex/latex/amsmath\amstext.sty"
Package: amstext 2000/06/29 v2.01 AMS text

("C:\Program Files\MiKTeX\tex/latex/amsmath\amsgen.sty"
File: amsgen.sty 1999/11/30 v2.0 generic functions
\@emptytoks=\toks18
\ex@=\dimen134
)
LaTeX Info: Redefining \text on input line 28.
)
("C:\Program Files\MiKTeX\tex/latex/amsmath\amsbsy.sty"
Package: amsbsy 1999/11/29 v1.2d Bold Symbols
\pmbraise@=\dimen135
)
("C:\Program Files\MiKTeX\tex/latex/amsmath\amsopn.sty"
Package: amsopn 2016/03/08 v2.02 operator names
)
\inf@bad=\count182
LaTeX Info: Redefining \frac on input line 227.
\uproot@=\count183
\leftroot@=\count184
LaTeX Info: Redefining \overline on input line 389.
\classnum@=\count185
\DOTSCASE@=\count186
LaTeX Info: Redefining \ldots on input line 486.
LaTeX Info: Redefining \dots on input line 489.
LaTeX Info: Redefining \cdots on input line 610.
\Mathstrutbox@=\box60
\strutbox@=\box61
\big@size=\dimen136
LaTeX Font Info:    Redeclaring font encoding OML on input line 733.
LaTeX Font Info:    Redeclaring font encoding OMS on input line 734.
\macc@depth=\count187
\c@MaxMatrixCols=\count188
\dotsspace@=\muskip16
\c@parentequation=\count189
\dspbrk@lvl=\count190
\tag@help=\toks19
\row@=\count191
\column@=\count192
\maxfields@=\count193
\andhelp@=\toks20
\eqnshift@=\dimen137
\alignsep@=\dimen138
\tagshift@=\dimen139
\tagwidth@=\dimen140
\totwidth@=\dimen141
\lineht@=\dimen142
\@envbody=\toks21
\multlinegap=\skip51
\multlinetaggap=\skip52
\mathdisplay@stack=\toks22
LaTeX Info: Redefining \[ on input line 2859.
LaTeX Info: Redefining \] on input line 2860.
)
("C:\Program Files\MiKTeX\tex/latex/url\url.sty"
\Urlmuskip=\muskip17
Package: url 2013/09/16  ver 3.4  Verb mode for urls, etc.
)
("C:\Program Files\MiKTeX\tex/latex/natbib\natbib.sty"
Package: natbib 2010/09/13 8.31b (PWD, AO)
\bibhang=\skip53
\bibsep=\skip54
LaTeX Info: Redefining \cite on input line 694.
\c@NAT@ctr=\count194
)
Class revtex4-1 Info: Repairing natbib's \BibitemShut on input line 7549.

("C:\Program Files\MiKTeX\tex/latex/revtex\revsymb4-1.sty"
Package: revsymb4-1 2010/07/25/20:33:00 4.1r (http://publish.aps.org/revtex4/ f
or documentation)
LaTeX Info: Redefining \frak on input line 95.
LaTeX Info: Redefining \Bbb on input line 111.
LaTeX Info: Redefining \REV@mathfrak on input line 119.
))
("C:\Program Files\MiKTeX\tex/latex/graphics\graphicx.sty"
Package: graphicx 2019/11/30 v1.2a Enhanced LaTeX Graphics (DPC,SPQR)

("C:\Program Files\MiKTeX\tex/latex/graphics\keyval.sty"
Package: keyval 2014/10/28 v1.15 key=value parser (DPC)
\KV@toks@=\toks23
)
("C:\Program Files\MiKTeX\tex/latex/graphics\graphics.sty"
Package: graphics 2019/11/30 v1.4a Standard LaTeX Graphics (DPC,SPQR)

("C:\Program Files\MiKTeX\tex/latex/graphics\trig.sty"
Package: trig 2016/01/03 v1.10 sin cos tan (DPC)
)
("C:\Program Files\MiKTeX\tex/latex/graphics-cfg\graphics.cfg"
File: graphics.cfg 2016/06/04 v1.11 sample graphics configuration
)
Package graphics Info: Driver file: pdftex.def on input line 105.

("C:\Program Files\MiKTeX\tex/latex/graphics-def\pdftex.def"
File: pdftex.def 2018/01/08 v1.0l Graphics/color driver for pdftex
))
\Gin@req@height=\dimen143
\Gin@req@width=\dimen144
)
("C:\Program Files\MiKTeX\tex/latex/tools\dcolumn.sty"
Package: dcolumn 2014/10/28 v1.06 decimal alignment package (DPC)

("C:\Program Files\MiKTeX\tex/latex/tools\array.sty"
Package: array 2019/08/31 v2.4l Tabular extension package (FMi)
\col@sep=\dimen145
\ar@mcellbox=\box62
\extrarowheight=\dimen146
\NC@list=\toks24
\extratabsurround=\skip55
\backup@length=\skip56
\ar@cellbox=\box63
))
("C:\Program Files\MiKTeX\tex/latex/tools\bm.sty"
Package: bm 2019/07/24 v1.2d Bold Symbol Support (DPC/FMi)
\symboldoperators=\mathgroup6
\symboldletters=\mathgroup7
\symboldsymbols=\mathgroup8
LaTeX Font Info:    Redeclaring math alphabet \mathbf on input line 141.
LaTeX Info: Redefining \bm on input line 209.
)
Class revtex4-1 Info: Unrecognized array package. Please update this document c
lass! (Proceeding with fingers crossed.) on input line 13.
Class revtex4-1 Info: cite was not loaded (OK!) on input line 13.
Class revtex4-1 Info: mcite was not loaded (OK!) on input line 13.
Class revtex4-1 Info: multicol was not loaded (OK!) on input line 13.

("C:\Program Files\MiKTeX\tex/latex/l3backend\l3backend-pdfmode.def"
File: l3backend-pdfmode.def 2020-06-29 L3 backend support: PDF mode
\l__kernel_color_stack_int=\count195
\l__pdf_internal_box=\box64
)
(InformeLaboratorio.aux)
\openout1 = `InformeLaboratorio.aux'.

LaTeX Font Info:    Checking defaults for OML/cmm/m/it on input line 13.
LaTeX Font Info:    ... okay on input line 13.
LaTeX Font Info:    Checking defaults for OMS/cmsy/m/n on input line 13.
LaTeX Font Info:    ... okay on input line 13.
LaTeX Font Info:    Checking defaults for OT1/cmr/m/n on input line 13.
LaTeX Font Info:    ... okay on input line 13.
LaTeX Font Info:    Checking defaults for T1/cmr/m/n on input line 13.
LaTeX Font Info:    ... okay on input line 13.
LaTeX Font Info:    Checking defaults for TS1/cmr/m/n on input line 13.
LaTeX Font Info:    ... okay on input line 13.
LaTeX Font Info:    Checking defaults for OMX/cmex/m/n on input line 13.
LaTeX Font Info:    ... okay on input line 13.
LaTeX Font Info:    Checking defaults for U/cmr/m/n on input line 13.
LaTeX Font Info:    ... okay on input line 13.

("C:\Program Files\MiKTeX\tex/context/base/mkii\supp-pdf.mkii"
[Loading MPS to PDF converter (version 2006.09.02).]
\scratchcounter=\count196
\scratchdimen=\dimen147
\scratchbox=\box65
\nofMPsegments=\count197
\nofMParguments=\count198
\everyMPshowfont=\toks25
\MPscratchCnt=\count199
\MPscratchDim=\dimen148
\MPnumerator=\count266
\makeMPintoPDFobject=\count267
\everyMPtoPDFconversion=\toks26
) ("C:\Program Files\MiKTeX\tex/latex/epstopdf-pkg\epstopdf-base.sty"
Package: epstopdf-base 2020-01-24 v2.11 Base part for package epstopdf
Package epstopdf-base Info: Redefining graphics rule for `.eps' on input line 4
85.
)
\openout3 = `InformeLaboratorioNotes.bib'.


Underfull \hbox (badness 10000) in paragraph at lines 30--32
  
 []


Underfull \hbox (badness 10000) in paragraph at lines 36--38
  
 []

LaTeX Font Info:    Trying to load font information for OMS+cmr on input line 4
2.
("C:\Program Files\MiKTeX\tex/latex/base\omscmr.fd"
File: omscmr.fd 2019/12/16 v2.5j Standard LaTeX font definitions
)
LaTeX Font Info:    Font shape `OMS/cmr/m/it' in size <9> not available
(Font)              Font shape `OMS/cmsy/m/n' tried instead on input line 42.

Runaway argument?
! Paragraph ended before \@citex was complete.
<to be read again> 
                   \par 
l.49 
     
I suspect you've forgotten a `}', causing me to apply this
control sequence to too much text. How can we recover?
My plan is to forget the whole thing and hope for the best.

Runaway argument?
! Paragraph ended before \@citex was complete.
<to be read again> 
                   \par 
l.67 
     
I suspect you've forgotten a `}', causing me to apply this
control sequence to too much text. How can we recover?
My plan is to forget the whole thing and hope for the best.

<./IMAGENES/imgleydi2.png, id=1, 470.50781pt x 179.92218pt>
File: ./IMAGENES/imgleydi2.png Graphic file (type png)
<use ./IMAGENES/imgleydi2.png>
Package pdftex.def Info: ./IMAGENES/imgleydi2.png  used on input line 79.
(pdftex.def)             Requested size: 256.0748pt x 97.92249pt.

Overfull \hbox (10.0748pt too wide) in paragraph at lines 79--80
 [] 
 []

[1{C:/Users/usuario/AppData/Local/MiKTeX/pdftex/config/pdftex.map}]

Package natbib Warning: Citation `aquino1' on page 2 undefined on input line 91
.

<./IMAGENES/1.png, id=15, 506.6428pt x 283.81032pt>
File: ./IMAGENES/1.png Graphic file (type png)
<use ./IMAGENES/1.png>
Package pdftex.def Info: ./IMAGENES/1.png  used on input line 106.
(pdftex.def)             Requested size: 256.0748pt x 143.45082pt.

Overfull \hbox (10.0748pt too wide) in paragraph at lines 106--107
 [] 
 []


Underfull \hbox (badness 1173) in paragraph at lines 141--142
\OT1/cmr/m/n/10 a sim-pli-ficar esa com-ple-ji-dad. Las tar-eas de esta
 []

<./IMAGENES/arqui.png, id=16, 292.84406pt x 153.57375pt>
File: ./IMAGENES/arqui.png Graphic file (type png)
<use ./IMAGENES/arqui.png>
Package pdftex.def Info: ./IMAGENES/arqui.png  used on input line 150.
(pdftex.def)             Requested size: 256.0748pt x 134.30405pt.

Overfull \hbox (10.0748pt too wide) in paragraph at lines 150--151
 [] 
 []

[2 <./IMAGENES/imgleydi2.png> <./IMAGENES/1.png>]
! Undefined control sequence.
l.158 	\itemBack
                 Room: Es donde se encuentra el DW, para su llenado de infor...
The control sequence at the end of the top line
of your error message was never \def'ed. If you have
misspelled it (e.g., `\hobx'), type `I' and the correct
spelling (e.g., `I\hbox'). Otherwise just continue,
and I'll forget about whatever was undefined.


! Package inputenc Error: Unicode character  (U+F0B7)
(inputenc)                not set up for use with LaTeX.

See the inputenc package documentation for explanation.
Type  H <return>  for immediate help.
 ...                                              
                                                  
l.161 	\item
                FrontRoom: Conformado por el área de presentación y aplica...

You may provide a definition with
\DeclareUnicodeCharacter 


Underfull \hbox (badness 1122) in paragraph at lines 161--165
 []\OT1/cmr/m/n/10 FrontRoom: Con-for-mado por el area de pre-
 []


Package natbib Warning: Citation `kumar' on page 3 undefined on input line 202.



Underfull \hbox (badness 10000) in paragraph at lines 201--203

 []

<./IMAGENES/Inmon-Kimball.png, id=22, 453.19313pt x 475.7775pt>
File: ./IMAGENES/Inmon-Kimball.png Graphic file (type png)
<use ./IMAGENES/Inmon-Kimball.png>
Package pdftex.def Info: ./IMAGENES/Inmon-Kimball.png  used on input line 206.
(pdftex.def)             Requested size: 256.0748pt x 268.83655pt.

Overfull \hbox (10.0748pt too wide) in paragraph at lines 206--207
 [] 
 []


Underfull \hbox (badness 1454) in paragraph at lines 221--222
 []\OT1/cmr/m/n/10 La metodologa de Kim-ball es ideal para los
 []

[3 <./IMAGENES/arqui.png> <./IMAGENES/Inmon-Kimball.png>]
No file InformeLaboratorio.bbl.

Package natbib Warning: There were undefined citations.

[4] (InformeLaboratorio.aux) )
(\end occurred inside a group at level 2)

### semi simple group (level 2) entered at line 66 (\begingroup)
### semi simple group (level 1) entered at line 48 (\begingroup)
### bottom level 
Here is how much of TeX's memory you used:
 4385 strings out of 480790
 56834 string characters out of 2907049
 310342 words of memory out of 3000000
 20376 multiletter control sequences out of 15000+200000
 534793 words of font info for 32 fonts, out of 3000000 for 9000
 1141 hyphenation exceptions out of 8191
 38i,4n,35p,737b,299s stack positions out of 5000i,500n,10000p,200000b,50000s
 <C:\Users\usuario\AppData\Local\MiKTeX\fonts/pk/ljfour/jknappe
n/ec/dpi600\tcrm1000.pk><C:/Program Files/MiKTeX/fonts/type1/public/amsfonts/cm
/cmbx10.pfb><C:/Program Files/MiKTeX/fonts/type1/public/amsfonts/cm/cmbx12.pfb>
<C:/Program Files/MiKTeX/fonts/type1/public/amsfonts/cm/cmbx9.pfb><C:/Program F
iles/MiKTeX/fonts/type1/public/amsfonts/cm/cmr10.pfb><C:/Program Files/MiKTeX/f
onts/type1/public/amsfonts/cm/cmr9.pfb><C:/Program Files/MiKTeX/fonts/type1/pub
lic/amsfonts/cm/cmsy9.pfb><C:/Program Files/MiKTeX/fonts/type1/public/amsfonts/
cm/cmti9.pfb>
Output written on InformeLaboratorio.pdf (4 pages, 351751 bytes).
PDF statistics:
 56 PDF objects out of 1000 (max. 8388607)
 0 named destinations out of 1000 (max. 500000)
 21 words of extra memory for PDF output out of 10000 (max. 10000000)

